<?xml version="1.0" encoding="UTF-8" ?>
<testsuite errors="0" failures="0" hostname="jcnaharro-desktop" name="gestionTpv.PagadaTest" skipped="0" tests="17" time="0.288" timestamp="2015-12-22T20:24:18">
  <properties>
    <property name="netbeans.autoupdate.country" value="US" />
    <property name="ant.file.type.DS-32-07-PD" value="file" />
    <property name="javac.test.classpath" value=":build/classes:/home/jcnaharro/netbeans-8.0.1/platform/modules/ext/junit-4.10.jar" />
    <property name="manifest.custom.codebase" value="" />
    <property name="libs.junit.javadoc" value="/home/jcnaharro/netbeans-8.0.1/java/docs/junit-3.8.2-api.zip" />
    <property name="ant.core.lib" value="/home/jcnaharro/netbeans-8.0.1/extide/ant/lib/ant.jar" />
    <property name="javadoc.windowtitle" value="" />
    <property name="user.dir" value="/home/jcnaharro/Dropbox/UDC/FIC/02_Curso/DS/15-16/practicas/DS-32-07-PD" />
    <property name="java.vm.version" value="24.51-b03" />
    <property name="libs.MySQLDriver.classpath" value="/home/jcnaharro/netbeans-8.0.1/ide/modules/ext/mysql-connector-java-5.1.23-bin.jar" />
    <property name="libs.eclipselinkmodelgen.src" value="" />
    <property name="javadoc.notree" value="false" />
    <property name="netbeans.autoupdate.version" value="1.23" />
    <property name="netbeans.running.environment" value="kde" />
    <property name="javac.profile.cmd.line.arg" value="" />
    <property name="jdk.home" value="/home/jcnaharro/jdk1.7.0_51" />
    <property name="libs.javac-api.src" value="" />
    <property name="javadoc.noindex" value="false" />
    <property name="libs.jpa2-persistence.classpath" value="/home/jcnaharro/netbeans-8.0.1/java/modules/ext/hibernate4/hibernate-jpa-2.1-api-1.0.0.Final.jar" />
    <property name="sun.os.patch.level" value="unknown" />
    <property name="java.vm.specification.name" value="Java Virtual Machine Specification" />
    <property name="nb.show.statistics.ui" value="usageStatisticsEnabled" />
    <property name="netbeans.autoupdate.variant" value="" />
    <property name="platforms.JDK_1.7.home" value="/home/jcnaharro/jdk1.7.0_51" />
    <property name="have.tests" value="true" />
    <property name="org.xml.sax.driver" value="com.sun.org.apache.xerces.internal.jaxp.SAXParserImpl$JAXPSAXParser" />
    <property name="libs.javac-api.javadoc" value="" />
    <property name="os.name" value="Linux" />
    <property name="libs.beans-binding.classpath" value="/home/jcnaharro/netbeans-8.0.1/java/modules/ext/beansbinding-1.2.1.jar" />
    <property name="ap.proc.none.internal" value="" />
    <property name="libs.JWSAntTasks.maven-pom" value="" />
    <property name="jnlp.signing.keystore" value="" />
    <property name="libs.testng.src" value="" />
    <property name="java.vendor.url.bug" value="http://bugreport.sun.com/bugreport/" />
    <property name="libs.jaxb.maven-pom" value="" />
    <property name="os.arch" value="i386" />
    <property name="libs.eclipselink.src" value="" />
    <property name="user.name" value="jcnaharro" />
    <property name="copylibs.rebase" value="true" />
    <property name="libs.swing-layout.maven-pom" value="" />
    <property name="sun.java.command" value="org.apache.tools.ant.taskdefs.optional.junit.JUnitTestRunner gestionTpv.PagadaTest skipNonTests=false filtertrace=true haltOnError=false haltOnFailure=false showoutput=true outputtoformatters=true logfailedtests=true threadid=0 logtestlistenerevents=true formatter=org.apache.tools.ant.taskdefs.optional.junit.BriefJUnitResultFormatter formatter=org.apache.tools.ant.taskdefs.optional.junit.XMLJUnitResultFormatter,/home/jcnaharro/Dropbox/UDC/FIC/02_Curso/DS/15-16/practicas/DS-32-07-PD/build/test/results/TEST-gestionTpv.PagadaTest.xml crashfile=/home/jcnaharro/Dropbox/UDC/FIC/02_Curso/DS/15-16/practicas/DS-32-07-PD/build/junitvmwatcher6482779460597521527.properties propsfile=/home/jcnaharro/Dropbox/UDC/FIC/02_Curso/DS/15-16/practicas/DS-32-07-PD/build/junit2684038851226228542.properties" />
    <property name="build.classes.dir" value="build/classes" />
    <property name="netbeans.accept_license_class" value="org.netbeans.license.AcceptLicense" />
    <property name="jnlp.descriptor" value="application" />
    <property name="build.sysclasspath" value="ignore" />
    <property name="ap.supported.internal" value="true" />
    <property name="libs.jaxws21.javadoc" value="/home/jcnaharro/netbeans-8.0.1/java/docs/jaxws-api-doc.zip" />
    <property name="includes" value="**" />
    <property name="user.country" value="US" />
    <property name="manifest.file" value="manifest.mf" />
    <property name="javadoc.encoding" value="UTF-8" />
    <property name="javac.classpath" value="" />
    <property name="libs.JAVADB_DRIVER_LABEL.src" value="" />
    <property name="libs.spring-framework400.classpath" value="/home/jcnaharro/netbeans-8.0.1/ide/modules/org-apache-commons-logging.jar:/home/jcnaharro/netbeans-8.0.1/java/modules/ext/cglib-2.2.jar:/home/jcnaharro/netbeans-8.0.1/java/modules/ext/spring-4/spring-aop-4.0.1.RELEASE.jar:/home/jcnaharro/netbeans-8.0.1/java/modules/ext/spring-4/spring-aspects-4.0.1.RELEASE.jar:/home/jcnaharro/netbeans-8.0.1/java/modules/ext/spring-4/spring-beans-4.0.1.RELEASE.jar:/home/jcnaharro/netbeans-8.0.1/java/modules/ext/spring-4/spring-build-src-4.0.1.RELEASE.jar:/home/jcnaharro/netbeans-8.0.1/java/modules/ext/spring-4/spring-context-4.0.1.RELEASE.jar:/home/jcnaharro/netbeans-8.0.1/java/modules/ext/spring-4/spring-context-support-4.0.1.RELEASE.jar:/home/jcnaharro/netbeans-8.0.1/java/modules/ext/spring-4/spring-core-4.0.1.RELEASE.jar:/home/jcnaharro/netbeans-8.0.1/java/modules/ext/spring-4/spring-expression-4.0.1.RELEASE.jar:/home/jcnaharro/netbeans-8.0.1/java/modules/ext/spring-4/spring-framework-bom-4.0.1.RELEASE.jar:/home/jcnaharro/netbeans-8.0.1/java/modules/ext/spring-4/spring-instrument-4.0.1.RELEASE.jar:/home/jcnaharro/netbeans-8.0.1/java/modules/ext/spring-4/spring-instrument-tomcat-4.0.1.RELEASE.jar:/home/jcnaharro/netbeans-8.0.1/java/modules/ext/spring-4/spring-jdbc-4.0.1.RELEASE.jar:/home/jcnaharro/netbeans-8.0.1/java/modules/ext/spring-4/spring-jms-4.0.1.RELEASE.jar:/home/jcnaharro/netbeans-8.0.1/java/modules/ext/spring-4/spring-messaging-4.0.1.RELEASE.jar:/home/jcnaharro/netbeans-8.0.1/java/modules/ext/spring-4/spring-orm-4.0.1.RELEASE.jar:/home/jcnaharro/netbeans-8.0.1/java/modules/ext/spring-4/spring-oxm-4.0.1.RELEASE.jar:/home/jcnaharro/netbeans-8.0.1/java/modules/ext/spring-4/spring-test-4.0.1.RELEASE.jar:/home/jcnaharro/netbeans-8.0.1/java/modules/ext/spring-4/spring-tx-4.0.1.RELEASE.jar:/home/jcnaharro/netbeans-8.0.1/java/modules/ext/spring-4/spring-web-4.0.1.RELEASE.jar:/home/jcnaharro/netbeans-8.0.1/java/modules/ext/spring-4/spring-webmvc-4.0.1.RELEASE.jar:/home/jcnaharro/netbeans-8.0.1/java/modules/ext/spring-4/spring-webmvc-portlet-4.0.1.RELEASE.jar:/home/jcnaharro/netbeans-8.0.1/java/modules/ext/spring-4/spring-websocket-4.0.1.RELEASE.jar" />
    <property name="debug-transport" value="dt_socket" />
    <property name="netbeans.home" value="/home/jcnaharro/netbeans-8.0.1/platform" />
    <property name="build.compiler.emacs" value="true" />
    <property name="java.endorsed.dirs" value="/home/jcnaharro/jdk1.7.0_51/jre/lib/endorsed" />
    <property name="ant.file.DS-32-07-PD" value="/home/jcnaharro/Dropbox/UDC/FIC/02_Curso/DS/15-16/practicas/DS-32-07-PD/build.xml" />
    <property name="netbeans.dynamic.classpath" value="/home/jcnaharro/netbeans-8.0.1/platform/core/org-openide-filesystems.jar:/home/jcnaharro/netbeans-8.0.1/platform/core/core.jar:/home/jcnaharro/netbeans-8.0.1/platform/core/locale/org-openide-filesystems_ru.jar:/home/jcnaharro/netbeans-8.0.1/platform/core/locale/core_zh_CN.jar:/home/jcnaharro/netbeans-8.0.1/platform/core/locale/org-openide-filesystems_zh_CN.jar:/home/jcnaharro/netbeans-8.0.1/platform/core/locale/core_pt_BR.jar:/home/jcnaharro/netbeans-8.0.1/platform/core/locale/core_ja.jar:/home/jcnaharro/netbeans-8.0.1/platform/core/locale/org-openide-filesystems_ja.jar:/home/jcnaharro/netbeans-8.0.1/platform/core/locale/core_ru.jar:/home/jcnaharro/netbeans-8.0.1/platform/core/locale/org-openide-filesystems_pt_BR.jar:/home/jcnaharro/netbeans-8.0.1/nb/core/org-netbeans-upgrader.jar:/home/jcnaharro/netbeans-8.0.1/nb/core/locale/org-netbeans-upgrader_ru.jar:/home/jcnaharro/netbeans-8.0.1/nb/core/locale/org-netbeans-upgrader_pt_BR.jar:/home/jcnaharro/netbeans-8.0.1/nb/core/locale/core_nb_ru.jar:/home/jcnaharro/netbeans-8.0.1/nb/core/locale/org-netbeans-upgrader_ja.jar:/home/jcnaharro/netbeans-8.0.1/nb/core/locale/org-netbeans-upgrader_zh_CN.jar:/home/jcnaharro/netbeans-8.0.1/nb/core/locale/core_nb_pt_BR.jar:/home/jcnaharro/netbeans-8.0.1/nb/core/locale/core_nb.jar:/home/jcnaharro/netbeans-8.0.1/nb/core/locale/core_nb_ja.jar:/home/jcnaharro/netbeans-8.0.1/nb/core/locale/core_nb_zh_CN.jar" />
    <property name="jnlp.enabled" value="false" />
    <property name="java.vm.specification.version" value="1.7" />
    <property name="libs.hibernate4-support.src" value="" />
    <property name="netbeans.productversion" value="NetBeans IDE 8.0.2 (Build 201408251540)" />
    <property name="libs.jaxws21.src" value="" />
    <property name="application.title" value="DS-32-07-PD" />
    <property name="do.archive" value="true" />
    <property name="netbeans.autoupdate.language" value="en" />
    <property name="java.vendor" value="Oracle Corporation" />
    <property name="sun.font.fontmanager" value="sun.awt.X11FontManager" />
    <property name="jar.index.metainf" value="false" />
    <property name="javac.debug" value="true" />
    <property name="javadoc.splitindex" value="true" />
    <property name="file.separator" value="/" />
    <property name="ant.file.type.DS-32-07-PD-impl" value="file" />
    <property name="libs.junit_4.maven-pom" value="" />
    <property name="mkdist.disabled" value="false" />
    <property name="javac.test.processorpath" value=":build/classes:/home/jcnaharro/netbeans-8.0.1/platform/modules/ext/junit-4.10.jar" />
    <property name="netbeans.buildnumber" value="201408251540" />
    <property name="libs.JWSAntTasks.javadoc" value="" />
    <property name="build.generated.sources.dir" value="build/generated-sources" />
    <property name="libs.eclipselinkmodelgen.classpath" value="/home/jcnaharro/netbeans-8.0.1/java/modules/ext/eclipselink/org.eclipse.persistence.jpa.modelgen_2.5.2.v20140319-9ad6abd.jar" />
    <property name="sun.java.launcher" value="SUN_STANDARD" />
    <property name="libs.junit.classpath" value="/home/jcnaharro/netbeans-8.0.1/java/modules/ext/junit-3.8.2.jar" />
    <property name="libs.hibernate4-persistencemodelgen.javadoc" value="" />
    <property name="libs.jaxb.javadoc" value="/home/jcnaharro/netbeans-8.0.1/ide/docs/jaxb-api-doc.zip" />
    <property name="ant.home" value="/home/jcnaharro/netbeans-8.0.1/extide/ant" />
    <property name="libs.junit_4.src" value="/home/jcnaharro/netbeans-8.0.1/java/docs/junit-4.10-sources.jar" />
    <property name="libs.testng.classpath" value="/home/jcnaharro/netbeans-8.0.1/platform/modules/ext/testng-6.8.1-dist.jar" />
    <property name="libs.absolutelayout.maven-pom" value="" />
    <property name="ant.java.version" value="1.7" />
    <property name="java.library.path" value="/home/jcnaharro/jdk1.7.0_51/jre/lib/amd64:/home/jcnaharro/jdk1.7.0_51/jre/lib/i386::/usr/java/packages/lib/i386:/lib:/usr/lib" />
    <property name="javadoc.author" value="false" />
    <property name="java.util.logging.config.class" value="org.netbeans.core.startup.TopLogging" />
    <property name="libs.spring-framework400.src" value="" />
    <property name="libs.PostgreSQLDriver.src" value="" />
    <property name="sun.arch.data.model" value="32" />
    <property name="basedir" value="/home/jcnaharro/Dropbox/UDC/FIC/02_Curso/DS/15-16/practicas/DS-32-07-PD" />
    <property name="libs.jpa20-persistence.maven-pom" value="" />
    <property name="jar.compress" value="false" />
    <property name="path.separator" value=":" />
    <property name="ant.junit.enabletestlistenerevents" value="true" />
    <property name="sun.io.unicode.encoding" value="UnicodeLittle" />
    <property name="libs.jaxws21.classpath" value="/home/jcnaharro/netbeans-8.0.1/ide/modules/ext/jaxb/jaxb-impl.jar:/home/jcnaharro/netbeans-8.0.1/ide/modules/ext/jaxb/jaxb-xjc.jar:/home/jcnaharro/netbeans-8.0.1/java/modules/ext/jaxws22/FastInfoset.jar:/home/jcnaharro/netbeans-8.0.1/java/modules/ext/jaxws22/gmbal-api-only.jar:/home/jcnaharro/netbeans-8.0.1/java/modules/ext/jaxws22/ha-api.jar:/home/jcnaharro/netbeans-8.0.1/java/modules/ext/jaxws22/javax.mail_1.4.jar:/home/jcnaharro/netbeans-8.0.1/java/modules/ext/jaxws22/jaxws-rt.jar:/home/jcnaharro/netbeans-8.0.1/java/modules/ext/jaxws22/jaxws-tools.jar:/home/jcnaharro/netbeans-8.0.1/java/modules/ext/jaxws22/management-api.jar:/home/jcnaharro/netbeans-8.0.1/java/modules/ext/jaxws22/mimepull.jar:/home/jcnaharro/netbeans-8.0.1/java/modules/ext/jaxws22/policy.jar:/home/jcnaharro/netbeans-8.0.1/java/modules/ext/jaxws22/saaj-impl.jar:/home/jcnaharro/netbeans-8.0.1/java/modules/ext/jaxws22/stax-ex.jar:/home/jcnaharro/netbeans-8.0.1/java/modules/ext/jaxws22/stax2-api.jar:/home/jcnaharro/netbeans-8.0.1/java/modules/ext/jaxws22/streambuffer.jar:/home/jcnaharro/netbeans-8.0.1/java/modules/ext/jaxws22/woodstox-core-asl.jar:/home/jcnaharro/netbeans-8.0.1/java/modules/ext/jaxws22/api/jaxws-api.jar:/home/jcnaharro/netbeans-8.0.1/java/modules/ext/jaxws22/api/jsr181-api.jar:/home/jcnaharro/netbeans-8.0.1/java/modules/ext/jaxws22/api/javax.annotation.jar:/home/jcnaharro/netbeans-8.0.1/java/modules/ext/jaxws22/api/saaj-api.jar:/home/jcnaharro/netbeans-8.0.1/ide/modules/ext/jaxb/activation.jar:/home/jcnaharro/netbeans-8.0.1/ide/modules/ext/jaxb/api/jaxb-api.jar:/home/jcnaharro/netbeans-8.0.1/ide/modules/ext/jaxb/api/jsr173_1.0_api.jar" />
    <property name="compile.on.save" value="true" />
    <property name="apple.awt.graphics.UseQuartz" value="true" />
    <property name="user.language" value="en" />
    <property name="testng.mode" value="testng" />
    <property name="libs.JAXB-ENDORSED.maven-pom" value="" />
    <property name="libs.eclipselink.maven-pom" value="" />
    <property name="application.vendor" value="jose.naharro" />
    <property name="test.binaryincludes" value="&lt;nothing&gt;" />
    <property name="libs.spring-framework300.maven-pom" value="" />
    <property name="run.test.classpath" value="lib/cobertura-2.0.3/cobertura-2.0.3.jar:build/cobertura-instrumented-classes::build/classes:/home/jcnaharro/netbeans-8.0.1/platform/modules/ext/junit-4.10.jar:build/test/classes" />
    <property name="ant.project.invoked-targets" value="cobertura-coverage-report" />
    <property name="test.binaryexcludes" value="" />
    <property name="libs.swing-layout.javadoc" value="/home/jcnaharro/netbeans-8.0.1/platform/docs/swing-layout-1.0.4-doc.zip" />
    <property name="sun.java2d.dpiaware" value="true" />
    <property name="cobertura.report.dir" value="build/cobertura-report" />
    <property name="libs.hibernate4-persistence.maven-pom" value="" />
    <property name="https.nonProxyHosts" value="localhost|127.0.0.1|jcnaharro-desktop" />
    <property name="libs.PostgreSQLDriver.maven-pom" value="" />
    <property name="java.class.version" value="51.0" />
    <property name="libs.JAVADB_DRIVER_LABEL.classpath" value="/home/jcnaharro/jdk1.7.0_51/db/lib/derby.jar:/home/jcnaharro/jdk1.7.0_51/db/lib/derbyclient.jar:/home/jcnaharro/jdk1.7.0_51/db/lib/derbynet.jar" />
    <property name="libs.hibernate4-persistencemodelgen.maven-pom" value="" />
    <property name="libs.eclipselink.javadoc" value="/home/jcnaharro/netbeans-8.0.1/java/modules/ext/docs/javax.persistence-2.1.0-doc.zip" />
    <property name="user.properties.file" value="/home/jcnaharro/.netbeans/8.0.1/build.properties" />
    <property name="runtime.encoding" value="UTF-8" />
    <property name="libs.javac-api.maven-pom" value="" />
    <property name="file.encoding.pkg" value="sun.io" />
    <property name="sun.cpu.endian" value="little" />
    <property name="libs.JAXB-ENDORSED.javadoc" value="" />
    <property name="libs.JWSAntTasks.classpath" value="/home/jcnaharro/netbeans-8.0.1/java/ant/extra/org-netbeans-modules-javawebstart-anttasks.jar" />
    <property name="libs.spring-framework300.src" value="" />
    <property name="empty.dir" value="/home/jcnaharro/Dropbox/UDC/FIC/02_Curso/DS/15-16/practicas/DS-32-07-PD/build/empty" />
    <property name="version-output" value="java version &quot;1.7" />
    <property name="test.binarytestincludes" value="" />
    <property name="libs.hibernate4-persistencemodelgen.src" value="" />
    <property name="javadoc.preview" value="true" />
    <property name="libs.jpa20-persistence.javadoc" value="/home/jcnaharro/netbeans-8.0.1/java/modules/ext/docs/javax.persistence-2.1.0-doc.zip" />
    <property name="java.home" value="/home/jcnaharro/jdk1.7.0_51/jre" />
    <property name="debug.test.classpath" value="lib/cobertura-2.0.3/cobertura-2.0.3.jar:build/cobertura-instrumented-classes::build/classes:/home/jcnaharro/netbeans-8.0.1/platform/modules/ext/junit-4.10.jar:build/test/classes" />
    <property name="netbeans.importclass" value="org.netbeans.upgrade.AutoUpgrade" />
    <property name="ant.project.default-target" value="default" />
    <property name="annotation.processing.run.all.processors" value="true" />
    <property name="jar.archive.disabled" value="false" />
    <property name="jnlp.signing.alias" value="" />
    <property name="libs.PostgreSQLDriver.javadoc" value="" />
    <property name="libs.MySQLDriver.maven-pom" value="" />
    <property name="ant.file.DS-32-07-PD-impl" value="/home/jcnaharro/Dropbox/UDC/FIC/02_Curso/DS/15-16/practicas/DS-32-07-PD/nbproject/build-impl.xml" />
    <property name="libs.hibernate4-persistence.javadoc" value="/home/jcnaharro/netbeans-8.0.1/java/modules/ext/docs/javax.persistence-2.1.0-doc.zip" />
    <property name="http.nonProxyHosts" value="localhost|127.0.0.1|jcnaharro-desktop" />
    <property name="libs.junit_4.javadoc" value="/home/jcnaharro/netbeans-8.0.1/java/docs/junit-4.10-javadoc.jar" />
    <property name="run.classpath" value=":build/classes" />
    <property name="jna.boot.library.name" value="jnidispatch-410" />
    <property name="sun.awt.datatransfer.timeout" value="1000" />
    <property name="libs.jpa2-persistence.maven-pom" value="" />
    <property name="annotation.processing.enabled.in.editor" value="false" />
    <property name="libs.hibernate4-support.classpath" value="/home/jcnaharro/netbeans-8.0.1/java/modules/ext/hibernate4/antlr-2.7.7.jar:/home/jcnaharro/netbeans-8.0.1/java/modules/ext/hibernate4/c3p0-0.9.2.1.jar:/home/jcnaharro/netbeans-8.0.1/java/modules/ext/hibernate4/hibernate-c3p0-4.3.1.Final.jar:/home/jcnaharro/netbeans-8.0.1/java/modules/ext/hibernate4/mchange-commons-java-0.2.3.4.jar:/home/jcnaharro/netbeans-8.0.1/java/modules/ext/hibernate4/dom4j-1.6.1.jar:/home/jcnaharro/netbeans-8.0.1/java/modules/ext/hibernate4/ehcache-core-2.4.3.jar:/home/jcnaharro/netbeans-8.0.1/java/modules/ext/hibernate4/hibernate-ehcache-4.3.1.Final.jar:/home/jcnaharro/netbeans-8.0.1/java/modules/ext/hibernate4/hibernate-core-4.3.1.Final.jar:/home/jcnaharro/netbeans-8.0.1/java/modules/ext/hibernate4/jboss-logging-3.1.3.GA.jar:/home/jcnaharro/netbeans-8.0.1/java/modules/ext/hibernate4/hibernate-commons-annotations-4.0.4.Final.jar:/home/jcnaharro/netbeans-8.0.1/java/modules/ext/hibernate4/hibernate-entitymanager-4.3.1.Final.jar:/home/jcnaharro/netbeans-8.0.1/java/modules/ext/hibernate4/javassist-3.18.1-GA.jar:/home/jcnaharro/netbeans-8.0.1/java/modules/ext/hibernate4/jboss-transaction-api_1.2_spec-1.0.0.Final.jar:/home/jcnaharro/netbeans-8.0.1/java/modules/ext/hibernate4/slf4j-api-1.6.1.jar:/home/jcnaharro/netbeans-8.0.1/java/modules/ext/hibernate4/slf4j-simple-1.6.1.jar" />
    <property name="nb.native.filechooser" value="false" />
    <property name="sun.management.compiler" value="HotSpot Tiered Compilers" />
    <property name="javac.deprecation" value="false" />
    <property name="javadoc.use" value="true" />
    <property name="sun.java2d.noddraw" value="true" />
    <property name="javac.processorpath" value="" />
    <property name="javac.compilerargs" value="-Xlint:unchecked" />
    <property name="svnkit.http.methods" value="Basic" />
    <property name="ant.file" value="/home/jcnaharro/Dropbox/UDC/FIC/02_Curso/DS/15-16/practicas/DS-32-07-PD/build.xml" />
    <property name="libs.beans-binding.maven-pom" value="" />
    <property name="jnlp.codebase.type" value="no.codebase" />
    <property name="libs.hibernate4-support.javadoc" value="/home/jcnaharro/netbeans-8.0.1/java/modules/ext/docs/javax.persistence-2.1.0-doc.zip" />
    <property name="libs.beans-binding.src" value="" />
    <property name="java.vm.specification.vendor" value="Oracle Corporation" />
    <property name="libs.swing-layout.src" value="/home/jcnaharro/netbeans-8.0.1/platform/docs/swing-layout-1.0.4-src.zip" />
    <property name="org.openide.major.version" value="IDE/1" />
    <property name="java.vm.name" value="Java HotSpot(TM) Server VM" />
    <property name="netbeans.user" value="/home/jcnaharro/.netbeans/8.0.1" />
    <property name="javadoc.additionalparam" value="" />
    <property name="jnlp.offline-allowed" value="false" />
    <property name="java.io.tmpdir" value="/tmp" />
    <property name="java.vendor.url" value="http://java.oracle.com/" />
    <property name="endorsed.classpath.cmd.line.arg" value="" />
    <property name="junit.available" value="true" />
    <property name="org.openide.awt.ActionReference.completion" value="org.netbeans.modules.apisupport.project.layers.PathCompletions" />
    <property name="sun.boot.library.path" value="/home/jcnaharro/jdk1.7.0_51/jre/lib/i386" />
    <property name="have.sources" value="true" />
    <property name="debug.classpath" value=":build/classes" />
    <property name="javadoc.private" value="false" />
    <property name="test.src.dir" value="test" />
    <property name="ap.processors.internal" value="" />
    <property name="meta.inf.dir" value="src/META-INF" />
    <property name="javadoc.encoding.used" value="UTF-8" />
    <property name="dist.jar" value="dist/DS-32-07-PD.jar" />
    <property name="libs.spring-framework400.maven-pom" value="" />
    <property name="java.runtime.name" value="Java(TM) SE Runtime Environment" />
    <property name="ant.project.name" value="DS-32-07-PD" />
    <property name="netbeans.hash.code" value="unique=NB_EXTIDE_JAVA054bdeb7c-af97-4546-9269-f616cc4826f9_48a99398-c87a-4d96-90c8-ec9b0b3e54af" />
    <property name="netbeans.default_userdir_root" value="/home/jcnaharro/.netbeans" />
    <property name="sun.cpu.isalist" value="" />
    <property name="libs.spring-framework400.javadoc" value="" />
    <property name="libs.CopyLibs.javadoc" value="" />
    <property name="org.openide.specification.version" value="6.2" />
    <property name="user.home" value="/home/jcnaharro" />
    <property name="annotation.processing.processors.list" value="" />
    <property name="debug-args-line" value="-Xdebug" />
    <property name="libs.JWSAntTasks.src" value="" />
    <property name="jar.index" value="false" />
    <property name="libs.CopyLibs.maven-pom" value="" />
    <property name="libs.spring-framework300.javadoc" value="" />
    <property name="libs.absolutelayout.javadoc" value="" />
    <property name="java.specification.name" value="Java Platform API Specification" />
    <property name="jnlp.mixed.code" value="default" />
    <property name="java.specification.vendor" value="Oracle Corporation" />
    <property name="libs.javac-api.classpath" value="/home/jcnaharro/netbeans-8.0.1/java/modules/ext/nb-javac-api.jar" />
    <property name="java.version" value="1.7.0_51" />
    <property name="run.jvmargs.ide" value="" />
    <property name="javadoc.version" value="false" />
    <property name="libs.MySQLDriver.javadoc" value="" />
    <property name="org.openide.version" value="deprecated" />
    <property name="platform.java" value="/home/jcnaharro/jdk1.7.0_51/jre/bin/java" />
    <property name="source.encoding" value="UTF-8" />
    <property name="ap.cmd.line.internal" value="" />
    <property name="libs.eclipselinkmodelgen.maven-pom" value="" />
    <property name="libs.junit.maven-pom" value="" />
    <property name="libs.eclipselinkmodelgen.javadoc" value="" />
    <property name="netbeans.home+have.tests" value="true" />
    <property name="annotation.processing.processor.options" value="" />
    <property name="libs.testng.maven-pom" value="" />
    <property name="libs.jaxb.src" value="" />
    <property name="work.dir" value="/home/jcnaharro/Dropbox/UDC/FIC/02_Curso/DS/15-16/practicas/DS-32-07-PD" />
    <property name="libs.jaxb.classpath" value="/home/jcnaharro/netbeans-8.0.1/ide/modules/ext/jaxb/jaxb-impl.jar:/home/jcnaharro/netbeans-8.0.1/ide/modules/ext/jaxb/jaxb-xjc.jar:/home/jcnaharro/netbeans-8.0.1/ide/modules/ext/jaxb/jaxb1-impl.jar:/home/jcnaharro/netbeans-8.0.1/ide/modules/ext/jaxb/activation.jar:/home/jcnaharro/netbeans-8.0.1/ide/modules/ext/jaxb/api/jaxb-api.jar:/home/jcnaharro/netbeans-8.0.1/ide/modules/ext/jaxb/api/jsr173_1.0_api.jar" />
    <property name="do.depend" value="false" />
    <property name="dist.javadoc.dir" value="dist/javadoc" />
    <property name="libs.swing-layout.classpath" value="/home/jcnaharro/netbeans-8.0.1/platform/modules/ext/swing-layout-1.0.4.jar" />
    <property name="build.generated.dir" value="build/generated" />
    <property name="javac.source" value="1.7" />
    <property name="line.separator" value="&#xa;" />
    <property name="java.specification.version" value="1.7" />
    <property name="libs.jaxws21.maven-pom" value="" />
    <property name="java.vm.info" value="mixed mode" />
    <property name="nb.junit.batch" value="true" />
    <property name="junit.forkmode" value="perTest" />
    <property name="build.test.cobertura.classes.dir" value="build/cobertura-instrumented-classes" />
    <property name="sun.boot.class.path" value="/home/jcnaharro/jdk1.7.0_51/jre/lib/resources.jar:/home/jcnaharro/jdk1.7.0_51/jre/lib/rt.jar:/home/jcnaharro/jdk1.7.0_51/jre/lib/sunrsasign.jar:/home/jcnaharro/jdk1.7.0_51/jre/lib/jsse.jar:/home/jcnaharro/jdk1.7.0_51/jre/lib/jce.jar:/home/jcnaharro/jdk1.7.0_51/jre/lib/charsets.jar:/home/jcnaharro/jdk1.7.0_51/jre/lib/jfr.jar:/home/jcnaharro/jdk1.7.0_51/jre/classes" />
    <property name="javac.target" value="1.7" />
    <property name="built-jar.properties" value="/home/jcnaharro/Dropbox/UDC/FIC/02_Curso/DS/15-16/practicas/DS-32-07-PD/build/built-jar.properties" />
    <property name="build.test.classes.dir" value="build/test/classes" />
    <property name="src.dir" value="src" />
    <property name="annotation.processing.enabled" value="true" />
    <property name="libs.jpa2-persistence.src" value="" />
    <property name="libs.jpa20-persistence.src" value="" />
    <property name="libs.JAVADB_DRIVER_LABEL.maven-pom" value="" />
    <property name="dist.dir" value="dist" />
    <property name="testng.debug.mode" value="" />
    <property name="javac.fork" value="false" />
    <property name="java.awt.printerjob" value="sun.print.PSPrinterJob" />
    <property name="platforms.JDK_1.7.compiler" value="modern" />
    <property name="default.javac.source" value="1.7" />
    <property name="debug-transport-by-os" value="dt_socket" />
    <property name="libs.MySQLDriver.src" value="" />
    <property name="sun.jnu.encoding" value="UTF-8" />
    <property name="platforms.JDK_1.7.bootclasspath" value="/home/jcnaharro/jdk1.7.0_51/jre/lib/resources.jar:/home/jcnaharro/jdk1.7.0_51/jre/lib/rt.jar:/home/jcnaharro/jdk1.7.0_51/jre/lib/sunrsasign.jar:/home/jcnaharro/jdk1.7.0_51/jre/lib/jsse.jar:/home/jcnaharro/jdk1.7.0_51/jre/lib/jce.jar:/home/jcnaharro/jdk1.7.0_51/jre/lib/charsets.jar:/home/jcnaharro/jdk1.7.0_51/jre/lib/jfr.jar:/home/jcnaharro/jdk1.7.0_51/jre/classes:/home/jcnaharro/jdk1.7.0_51/jre/lib/ext/sunpkcs11.jar:/home/jcnaharro/jdk1.7.0_51/jre/lib/ext/sunjce_provider.jar:/home/jcnaharro/jdk1.7.0_51/jre/lib/ext/dnsns.jar:/home/jcnaharro/jdk1.7.0_51/jre/lib/ext/localedata.jar:/home/jcnaharro/jdk1.7.0_51/jre/lib/ext/zipfs.jar:/home/jcnaharro/jdk1.7.0_51/jre/lib/ext/sunec.jar" />
    <property name="java.runtime.version" value="1.7.0_51-b13" />
    <property name="build.test.results.dir" value="build/test/results" />
    <property name="jna.platform.library.path" value="/usr/lib/i386-linux-gnu:/lib/i386-linux-gnu:/usr/lib:/lib" />
    <property name="default.javac.target" value="1.7" />
    <property name="libs.junit_4.classpath" value="/home/jcnaharro/netbeans-8.0.1/platform/modules/ext/junit-4.10.jar" />
    <property name="user.timezone" value="" />
    <property name="nb.junit.single" value="false" />
    <property name="do.jar" value="true" />
    <property name="libs.JAVADB_DRIVER_LABEL.javadoc" value="" />
    <property name="netbeans.dirs" value="/home/jcnaharro/netbeans-8.0.1/nb:/home/jcnaharro/netbeans-8.0.1/ergonomics:/home/jcnaharro/netbeans-8.0.1/ide:/home/jcnaharro/netbeans-8.0.1/extide:/home/jcnaharro/netbeans-8.0.1/java:/home/jcnaharro/netbeans-8.0.1/apisupport:/home/jcnaharro/netbeans-8.0.1/webcommon:/home/jcnaharro/netbeans-8.0.1/websvccommon:/home/jcnaharro/netbeans-8.0.1/enterprise:/home/jcnaharro/netbeans-8.0.1/mobility:/home/jcnaharro/netbeans-8.0.1/profiler:/home/jcnaharro/netbeans-8.0.1/python:/home/jcnaharro/netbeans-8.0.1/php:/home/jcnaharro/netbeans-8.0.1/identity:/home/jcnaharro/netbeans-8.0.1/harness:/home/jcnaharro/netbeans-8.0.1/cnd:/home/jcnaharro/netbeans-8.0.1/dlight:/home/jcnaharro/netbeans-8.0.1/groovy:/home/jcnaharro/netbeans-8.0.1/extra:/home/jcnaharro/netbeans-8.0.1/javacard:/home/jcnaharro/netbeans-8.0.1/javafx:/home/jcnaharro/netbeans-8.0.1/nbuml:/home/jcnaharro/netbeans-8.0.1/uml:" />
    <property name="java.ext.dirs" value="/home/jcnaharro/jdk1.7.0_51/jre/lib/ext:/usr/java/packages/lib/ext" />
    <property name="endorsed.classpath" value="" />
    <property name="libs.absolutelayout.classpath" value="/home/jcnaharro/netbeans-8.0.1/java/modules/ext/AbsoluteLayout.jar" />
    <property name="excludes" value="" />
    <property name="libs.jpa2-persistence.javadoc" value="/home/jcnaharro/netbeans-8.0.1/java/modules/ext/docs/javax.persistence-2.1.0-doc.zip" />
    <property name="java.class.path" value="/home/jcnaharro/Dropbox/UDC/FIC/02_Curso/DS/15-16/practicas/DS-32-07-PD/lib/cobertura-2.0.3/cobertura-2.0.3.jar:/home/jcnaharro/Dropbox/UDC/FIC/02_Curso/DS/15-16/practicas/DS-32-07-PD/build/cobertura-instrumented-classes:/home/jcnaharro/Dropbox/UDC/FIC/02_Curso/DS/15-16/practicas/DS-32-07-PD/build/classes:/home/jcnaharro/netbeans-8.0.1/platform/modules/ext/junit-4.10.jar:/home/jcnaharro/Dropbox/UDC/FIC/02_Curso/DS/15-16/practicas/DS-32-07-PD/build/test/classes:/home/jcnaharro/netbeans-8.0.1/extide/ant/lib/ant-launcher.jar:/home/jcnaharro/netbeans-8.0.1/extide/ant/lib/ant.jar:/home/jcnaharro/netbeans-8.0.1/extide/ant/lib/ant-junit.jar:/home/jcnaharro/netbeans-8.0.1/extide/ant/lib/ant-junit4.jar" />
    <property name="apple.laf.useScreenMenuBar" value="true" />
    <property name="do.mkdist" value="true" />
    <property name="libs.absolutelayout.src" value="" />
    <property name="libs.jpa20-persistence.classpath" value="/home/jcnaharro/netbeans-8.0.1/java/modules/ext/eclipselink/javax.persistence_2.1.0.v201304241213.jar" />
    <property name="os.version" value="3.2.0-94-generic-pae" />
    <property name="application.args" value="" />
    <property name="manifest.custom.permissions" value="" />
    <property name="sun.awt.enableExtraMouseButtons" value="true" />
    <property name="libs.hibernate4-persistence.src" value="" />
    <property name="auxiliary.org-netbeans-spi-editor-hints-projects.perProjectHintSettingsFile" value="nbproject/cfg_hints.xml" />
    <property name="libs.hibernate4-support.maven-pom" value="" />
    <property name="libs.JAXB-ENDORSED.classpath" value="/home/jcnaharro/netbeans-8.0.1/ide/modules/ext/jaxb/api/jaxb-api.jar" />
    <property name="libs.eclipselink.classpath" value="/home/jcnaharro/netbeans-8.0.1/java/modules/ext/eclipselink/eclipselink.jar:/home/jcnaharro/netbeans-8.0.1/java/modules/ext/eclipselink/javax.persistence_2.1.0.v201304241213.jar:/home/jcnaharro/netbeans-8.0.1/java/modules/ext/eclipselink/org.eclipse.persistence.jpa.jpql_2.5.2.v20140319-9ad6abd.jar" />
    <property name="libs.beans-binding.javadoc" value="/home/jcnaharro/netbeans-8.0.1/java/docs/beansbinding-1.2.1-doc.zip" />
    <property name="java.awt.graphicsenv" value="sun.awt.X11GraphicsEnvironment" />
    <property name="java.vm.vendor" value="Oracle Corporation" />
    <property name="libs.CopyLibs.classpath" value="/home/jcnaharro/netbeans-8.0.1/java/ant/extra/org-netbeans-modules-java-j2seproject-copylibstask.jar" />
    <property name="libs.spring-framework300.classpath" value="/home/jcnaharro/netbeans-8.0.1/ide/modules/org-apache-commons-logging.jar:/home/jcnaharro/netbeans-8.0.1/java/modules/ext/cglib-2.2.jar:/home/jcnaharro/netbeans-8.0.1/java/modules/ext/spring-3.0/spring-aop-3.2.7.RELEASE.jar:/home/jcnaharro/netbeans-8.0.1/java/modules/ext/spring-3.0/spring-aspects-3.2.7.RELEASE.jar:/home/jcnaharro/netbeans-8.0.1/java/modules/ext/spring-3.0/spring-beans-3.2.7.RELEASE.jar:/home/jcnaharro/netbeans-8.0.1/java/modules/ext/spring-3.0/spring-build-src-3.2.7.RELEASE.jar:/home/jcnaharro/netbeans-8.0.1/java/modules/ext/spring-3.0/spring-context-3.2.7.RELEASE.jar:/home/jcnaharro/netbeans-8.0.1/java/modules/ext/spring-3.0/spring-context-support-3.2.7.RELEASE.jar:/home/jcnaharro/netbeans-8.0.1/java/modules/ext/spring-3.0/spring-core-3.2.7.RELEASE.jar:/home/jcnaharro/netbeans-8.0.1/java/modules/ext/spring-3.0/spring-expression-3.2.7.RELEASE.jar:/home/jcnaharro/netbeans-8.0.1/java/modules/ext/spring-3.0/spring-framework-bom-3.2.7.RELEASE.jar:/home/jcnaharro/netbeans-8.0.1/java/modules/ext/spring-3.0/spring-instrument-3.2.7.RELEASE.jar:/home/jcnaharro/netbeans-8.0.1/java/modules/ext/spring-3.0/spring-instrument-tomcat-3.2.7.RELEASE.jar:/home/jcnaharro/netbeans-8.0.1/java/modules/ext/spring-3.0/spring-jdbc-3.2.7.RELEASE.jar:/home/jcnaharro/netbeans-8.0.1/java/modules/ext/spring-3.0/spring-jms-3.2.7.RELEASE.jar:/home/jcnaharro/netbeans-8.0.1/java/modules/ext/spring-3.0/spring-orm-3.2.7.RELEASE.jar:/home/jcnaharro/netbeans-8.0.1/java/modules/ext/spring-3.0/spring-oxm-3.2.7.RELEASE.jar:/home/jcnaharro/netbeans-8.0.1/java/modules/ext/spring-3.0/spring-struts-3.2.7.RELEASE.jar:/home/jcnaharro/netbeans-8.0.1/java/modules/ext/spring-3.0/spring-test-3.2.7.RELEASE.jar:/home/jcnaharro/netbeans-8.0.1/java/modules/ext/spring-3.0/spring-tx-3.2.7.RELEASE.jar:/home/jcnaharro/netbeans-8.0.1/java/modules/ext/spring-3.0/spring-web-3.2.7.RELEASE.jar:/home/jcnaharro/netbeans-8.0.1/java/modules/ext/spring-3.0/spring-webmvc-3.2.7.RELEASE.jar:/home/jcnaharro/netbeans-8.0.1/java/modules/ext/spring-3.0/spring-webmvc-portlet-3.2.7.RELEASE.jar" />
    <property name="run.jvmargs" value="" />
    <property name="libs.hibernate4-persistence.classpath" value="/home/jcnaharro/netbeans-8.0.1/java/modules/ext/hibernate4/antlr-2.7.7.jar:/home/jcnaharro/netbeans-8.0.1/java/modules/ext/hibernate4/c3p0-0.9.2.1.jar:/home/jcnaharro/netbeans-8.0.1/java/modules/ext/hibernate4/hibernate-c3p0-4.3.1.Final.jar:/home/jcnaharro/netbeans-8.0.1/java/modules/ext/hibernate4/mchange-commons-java-0.2.3.4.jar:/home/jcnaharro/netbeans-8.0.1/java/modules/ext/hibernate4/dom4j-1.6.1.jar:/home/jcnaharro/netbeans-8.0.1/java/modules/ext/hibernate4/ehcache-core-2.4.3.jar:/home/jcnaharro/netbeans-8.0.1/java/modules/ext/hibernate4/hibernate-ehcache-4.3.1.Final.jar:/home/jcnaharro/netbeans-8.0.1/java/modules/ext/hibernate4/hibernate-core-4.3.1.Final.jar:/home/jcnaharro/netbeans-8.0.1/java/modules/ext/hibernate4/jboss-logging-3.1.3.GA.jar:/home/jcnaharro/netbeans-8.0.1/java/modules/ext/hibernate4/hibernate-commons-annotations-4.0.4.Final.jar:/home/jcnaharro/netbeans-8.0.1/java/modules/ext/hibernate4/hibernate-entitymanager-4.3.1.Final.jar:/home/jcnaharro/netbeans-8.0.1/java/modules/ext/hibernate4/javassist-3.18.1-GA.jar:/home/jcnaharro/netbeans-8.0.1/java/modules/ext/hibernate4/jboss-transaction-api_1.2_spec-1.0.0.Final.jar:/home/jcnaharro/netbeans-8.0.1/java/modules/ext/hibernate4/slf4j-api-1.6.1.jar:/home/jcnaharro/netbeans-8.0.1/java/modules/ext/hibernate4/slf4j-simple-1.6.1.jar:/home/jcnaharro/netbeans-8.0.1/java/modules/ext/hibernate4/hibernate-jpa-2.1-api-1.0.0.Final.jar" />
    <property name="libs.JAXB-ENDORSED.src" value="" />
    <property name="dist.archive.excludes" value="" />
    <property name="libs.testng.javadoc" value="/home/jcnaharro/netbeans-8.0.1/platform/docs/testng-6.8.1-javadoc.zip" />
    <property name="libs.PostgreSQLDriver.classpath" value="/home/jcnaharro/netbeans-8.0.1/ide/modules/ext/postgresql-9.2-1002.jdbc4.jar" />
    <property name="jnlp.signing" value="" />
    <property name="libs.hibernate4-persistencemodelgen.classpath" value="/home/jcnaharro/netbeans-8.0.1/java/modules/ext/hibernate4/hibernate-jpamodelgen-4.3.1.Final.jar" />
    <property name="libs.junit.src" value="" />
    <property name="annotation.processing.source.output" value="build/generated-sources/ap-source-output" />
    <property name="jnlp.signed" value="false" />
    <property name="main.class" value="" />
    <property name="libs.CopyLibs.src" value="" />
    <property name="build.dir" value="build" />
    <property name="ant.version" value="Apache Ant(TM) version 1.9.4 compiled on April 29 2014" />
    <property name="file.encoding" value="UTF-8" />
    <property name="build.classes.excludes" value="**/*.java,**/*.form" />
    <property name="jdkBug6558476" value="false" />
    <property name="javadoc.nonavbar" value="false" />
    <property name="platform.active" value="default_platform" />
    <property name="awt.toolkit" value="sun.awt.X11.XToolkit" />
  </properties>
  <testcase classname="gestionTpv.PagadaTest" name="testImprimirTarjetaMal1" time="0.056" />
  <testcase classname="gestionTpv.PagadaTest" name="testImprimirTarjetaMal2" time="0.002" />
  <testcase classname="gestionTpv.PagadaTest" name="testImprimirTarjetaMal3" time="0.001" />
  <testcase classname="gestionTpv.PagadaTest" name="testImprimirEfectivo2" time="0.01" />
  <testcase classname="gestionTpv.PagadaTest" name="testImprimirTarjeta1" time="0.002" />
  <testcase classname="gestionTpv.PagadaTest" name="testImprimirEfectivo1" time="0.002" />
  <testcase classname="gestionTpv.PagadaTest" name="testImprimirTarjeta2" time="0.003" />
  <testcase classname="gestionTpv.PagadaTest" name="testImprimirInvitacion" time="0.007" />
  <testcase classname="gestionTpv.PagadaTest" name="testImprimirChequeRegalo" time="0.005" />
  <testcase classname="gestionTpv.PagadaTest" name="testComandaPagadaToString" time="0.0" />
  <testcase classname="gestionTpv.PagadaTest" name="testAddProducto" time="0.001" />
  <testcase classname="gestionTpv.PagadaTest" name="testRemoveProductos" time="0.001" />
  <testcase classname="gestionTpv.PagadaTest" name="testClearComanda" time="0.001" />
  <testcase classname="gestionTpv.PagadaTest" name="testImprimirEfectivoError1" time="0.001" />
  <testcase classname="gestionTpv.PagadaTest" name="testImprimirEfectivoError2" time="0.001" />
  <testcase classname="gestionTpv.PagadaTest" name="testImprimirEfectivoError3" time="0.009" />
  <testcase classname="gestionTpv.PagadaTest" name="testImprimirchequeRegaloError" time="0.002" />
  <system-out><![CDATA[]]></system-out>
  <system-err><![CDATA[]]></system-err>
</testsuite>
